# JRE version: Java(TM) SE Runtime Environment (8.0_241-b07) (build 1.8.0_241-b07)
# Java VM: Java HotSpot(TM) 64-Bit Server VM (25.241-b07 mixed mode windows-amd64 compressed oops)
Heap:
 PSYoungGen      total 307200K, used 105875K [0x00000000d5d80000, 0x00000000ee800000, 0x0000000100000000)
  eden space 294912K, 35% used [0x00000000d5d80000,0x00000000dc4e4ea0,0x00000000e7d80000)
  from space 12288K, 0% used [0x00000000e8a00000,0x00000000e8a00000,0x00000000e9600000)
  to   space 12800K, 0% used [0x00000000e7d80000,0x00000000e7d80000,0x00000000e8a00000)
 ParOldGen       total 84992K, used 12552K [0x0000000081800000, 0x0000000086b00000, 0x00000000d5d80000)
  object space 84992K, 14% used [0x0000000081800000,0x00000000824421e8,0x0000000086b00000)
 Metaspace       used 38849K, capacity 40884K, committed 41088K, reserved 1085440K
  class space    used 5116K, capacity 5482K, committed 5504K, reserved 1048576K
GC Heap History (10 events):
Event: 33.079 GC heap before
{Heap before GC invocations=6 (full 1):
 PSYoungGen      total 138240K, used 5103K [0x00000000d5d80000, 0x00000000e7480000, 0x0000000100000000)
  eden space 133120K, 0% used [0x00000000d5d80000,0x00000000d5d80000,0x00000000ddf80000)
  from space 5120K, 99% used [0x00000000ddf80000,0x00000000de47bdf0,0x00000000de480000)
  to   space 9728K, 0% used [0x00000000e6b00000,0x00000000e6b00000,0x00000000e7480000)
 ParOldGen       total 87552K, used 5843K [0x0000000081800000, 0x0000000086d80000, 0x00000000d5d80000)
  object space 87552K, 6% used [0x0000000081800000,0x0000000081db4e38,0x0000000086d80000)
 Metaspace       used 20530K, capacity 21200K, committed 21296K, reserved 1069056K
  class space    used 2468K, capacity 2649K, committed 2688K, reserved 1048576K
Event: 34.448 GC heap after
Heap after GC invocations=6 (full 1):
 PSYoungGen      total 138240K, used 0K [0x00000000d5d80000, 0x00000000e7480000, 0x0000000100000000)
  eden space 133120K, 0% used [0x00000000d5d80000,0x00000000d5d80000,0x00000000ddf80000)
  from space 5120K, 0% used [0x00000000ddf80000,0x00000000ddf80000,0x00000000de480000)
  to   space 9728K, 0% used [0x00000000e6b00000,0x00000000e6b00000,0x00000000e7480000)
 ParOldGen       total 57344K, used 6346K [0x0000000081800000, 0x0000000085000000, 0x00000000d5d80000)
  object space 57344K, 11% used [0x0000000081800000,0x0000000081e32b30,0x0000000085000000)
 Metaspace       used 20530K, capacity 21200K, committed 21296K, reserved 1069056K
  class space    used 2468K, capacity 2649K, committed 2688K, reserved 1048576K
}
Event: 50.958 GC heap before
{Heap before GC invocations=7 (full 1):
 PSYoungGen      total 138240K, used 133120K [0x00000000d5d80000, 0x00000000e7480000, 0x0000000100000000)
  eden space 133120K, 100% used [0x00000000d5d80000,0x00000000ddf80000,0x00000000ddf80000)
  from space 5120K, 0% used [0x00000000ddf80000,0x00000000ddf80000,0x00000000de480000)
  to   space 9728K, 0% used [0x00000000e6b00000,0x00000000e6b00000,0x00000000e7480000)
 ParOldGen       total 57344K, used 6346K [0x0000000081800000, 0x0000000085000000, 0x00000000d5d80000)
  object space 57344K, 11% used [0x0000000081800000,0x0000000081e32b30,0x0000000085000000)
 Metaspace       used 24128K, capacity 25280K, committed 25472K, reserved 1071104K
  class space    used 2933K, capacity 3182K, committed 3200K, reserved 1048576K
Event: 51.057 GC heap after
Heap after GC invocations=7 (full 1):
 PSYoungGen      total 207872K, used 6967K [0x00000000d5d80000, 0x00000000e7200000, 0x0000000100000000)
  eden space 200704K, 0% used [0x00000000d5d80000,0x00000000d5d80000,0x00000000e2180000)
  from space 7168K, 97% used [0x00000000e6b00000,0x00000000e71cdc38,0x00000000e7200000)
  to   space 9728K, 0% used [0x00000000e5f00000,0x00000000e5f00000,0x00000000e6880000)
 ParOldGen       total 57344K, used 6354K [0x0000000081800000, 0x0000000085000000, 0x00000000d5d80000)
  object space 57344K, 11% used [0x0000000081800000,0x0000000081e34b30,0x0000000085000000)
 Metaspace       used 24128K, capacity 25280K, committed 25472K, reserved 1071104K
  class space    used 2933K, capacity 3182K, committed 3200K, reserved 1048576K
}
Event: 80.812 GC heap before
{Heap before GC invocations=8 (full 1):
 PSYoungGen      total 207872K, used 207671K [0x00000000d5d80000, 0x00000000e7200000, 0x0000000100000000)
  eden space 200704K, 100% used [0x00000000d5d80000,0x00000000e2180000,0x00000000e2180000)
  from space 7168K, 97% used [0x00000000e6b00000,0x00000000e71cdc38,0x00000000e7200000)
  to   space 9728K, 0% used [0x00000000e5f00000,0x00000000e5f00000,0x00000000e6880000)
 ParOldGen       total 57344K, used 6354K [0x0000000081800000, 0x0000000085000000, 0x00000000d5d80000)
  object space 57344K, 11% used [0x0000000081800000,0x0000000081e34b30,0x0000000085000000)
 Metaspace       used 31162K, capacity 33044K, committed 33280K, reserved 1079296K
  class space    used 3875K, capacity 4234K, committed 4352K, reserved 1048576K
Event: 81.394 GC heap after
Heap after GC invocations=8 (full 1):
 PSYoungGen      total 273408K, used 9709K [0x00000000d5d80000, 0x00000000e9600000, 0x0000000100000000)
  eden space 263680K, 0% used [0x00000000d5d80000,0x00000000d5d80000,0x00000000e5f00000)
  from space 9728K, 99% used [0x00000000e5f00000,0x00000000e687b6c0,0x00000000e6880000)
  to   space 12288K, 0% used [0x00000000e8a00000,0x00000000e8a00000,0x00000000e9600000)
 ParOldGen       total 57344K, used 8787K [0x0000000081800000, 0x0000000085000000, 0x00000000d5d80000)
  object space 57344K, 15% used [0x0000000081800000,0x0000000082094e30,0x0000000085000000)
 Metaspace       used 31162K, capacity 33044K, committed 33280K, reserved 1079296K
  class space    used 3875K, capacity 4234K, committed 4352K, reserved 1048576K
}
Event: 91.418 GC heap before
{Heap before GC invocations=9 (full 1):
 PSYoungGen      total 273408K, used 56591K [0x00000000d5d80000, 0x00000000e9600000, 0x0000000100000000)
  eden space 263680K, 17% used [0x00000000d5d80000,0x00000000d8b488e0,0x00000000e5f00000)
  from space 9728K, 99% used [0x00000000e5f00000,0x00000000e687b6c0,0x00000000e6880000)
  to   space 12288K, 0% used [0x00000000e8a00000,0x00000000e8a00000,0x00000000e9600000)
 ParOldGen       total 57344K, used 8787K [0x0000000081800000, 0x0000000085000000, 0x00000000d5d80000)
  object space 57344K, 15% used [0x0000000081800000,0x0000000082094e30,0x0000000085000000)
 Metaspace       used 33369K, capacity 35278K, committed 35496K, reserved 1081344K
  class space    used 4136K, capacity 4489K, committed 4608K, reserved 1048576K
Event: 91.577 GC heap after
Heap after GC invocations=9 (full 1):
 PSYoungGen      total 307200K, used 9086K [0x00000000d5d80000, 0x00000000ee800000, 0x0000000100000000)
  eden space 294912K, 0% used [0x00000000d5d80000,0x00000000d5d80000,0x00000000e7d80000)
  from space 12288K, 73% used [0x00000000e8a00000,0x00000000e92df940,0x00000000e9600000)
  to   space 12800K, 0% used [0x00000000e7d80000,0x00000000e7d80000,0x00000000e8a00000)
 ParOldGen       total 57344K, used 8795K [0x0000000081800000, 0x0000000085000000, 0x00000000d5d80000)
  object space 57344K, 15% used [0x0000000081800000,0x0000000082096e30,0x0000000085000000)
 Metaspace       used 33369K, capacity 35278K, committed 35496K, reserved 1081344K
  class space    used 4136K, capacity 4489K, committed 4608K, reserved 1048576K
}
Event: 91.577 GC heap before
{Heap before GC invocations=10 (full 2):
 PSYoungGen      total 307200K, used 9086K [0x00000000d5d80000, 0x00000000ee800000, 0x0000000100000000)
  eden space 294912K, 0% used [0x00000000d5d80000,0x00000000d5d80000,0x00000000e7d80000)
  from space 12288K, 73% used [0x00000000e8a00000,0x00000000e92df940,0x00000000e9600000)
  to   space 12800K, 0% used [0x00000000e7d80000,0x00000000e7d80000,0x00000000e8a00000)
 ParOldGen       total 57344K, used 8795K [0x0000000081800000, 0x0000000085000000, 0x00000000d5d80000)
  object space 57344K, 15% used [0x0000000081800000,0x0000000082096e30,0x0000000085000000)
 Metaspace       used 33369K, capacity 35278K, committed 35496K, reserved 1081344K
  class space    used 4136K, capacity 4489K, committed 4608K, reserved 1048576K
Event: 91.971 GC heap after
Heap after GC invocations=10 (full 2):
 PSYoungGen      total 307200K, used 0K [0x00000000d5d80000, 0x00000000ee800000, 0x0000000100000000)
  eden space 294912K, 0% used [0x00000000d5d80000,0x00000000d5d80000,0x00000000e7d80000)
  from space 12288K, 0% used [0x00000000e8a00000,0x00000000e8a00000,0x00000000e9600000)
  to   space 12800K, 0% used [0x00000000e7d80000,0x00000000e7d80000,0x00000000e8a00000)
 ParOldGen       total 84992K, used 12552K [0x0000000081800000, 0x0000000086b00000, 0x00000000d5d80000)
  object space 84992K, 14% used [0x0000000081800000,0x00000000824421e8,0x0000000086b00000)
 Metaspace       used 33369K, capacity 35278K, committed 35496K, reserved 1081344K
  class space    used 4136K, capacity 4489K, committed 4608K, reserved 1048576K
}

