# JRE version: Java(TM) SE Runtime Environment (8.0_241-b07) (build 1.8.0_241-b07)
# Java VM: Java HotSpot(TM) 64-Bit Server VM (25.241-b07 mixed mode windows-amd64 compressed oops)
Heap:
 PSYoungGen      total 394752K, used 116679K [0x00000000d5d80000, 0x00000000f5c00000, 0x0000000100000000)
  eden space 381440K, 30% used [0x00000000d5d80000,0x00000000dcf71d78,0x00000000ed200000)
  from space 13312K, 0% used [0x00000000edf00000,0x00000000edf00000,0x00000000eec00000)
  to   space 13312K, 0% used [0x00000000ed200000,0x00000000ed200000,0x00000000edf00000)
 ParOldGen       total 60928K, used 11601K [0x0000000081800000, 0x0000000085380000, 0x00000000d5d80000)
  object space 60928K, 19% used [0x0000000081800000,0x0000000082354728,0x0000000085380000)
 Metaspace       used 39603K, capacity 41736K, committed 41984K, reserved 1085440K
  class space    used 5213K, capacity 5588K, committed 5632K, reserved 1048576K
GC Heap History (10 events):
Event: 23.811 GC heap before
{Heap before GC invocations=6 (full 1):
 PSYoungGen      total 138240K, used 5103K [0x00000000d5d80000, 0x00000000e7480000, 0x0000000100000000)
  eden space 133120K, 0% used [0x00000000d5d80000,0x00000000d5d80000,0x00000000ddf80000)
  from space 5120K, 99% used [0x00000000ddf80000,0x00000000de47bf78,0x00000000de480000)
  to   space 9728K, 0% used [0x00000000e6b00000,0x00000000e6b00000,0x00000000e7480000)
 ParOldGen       total 87552K, used 5599K [0x0000000081800000, 0x0000000086d80000, 0x00000000d5d80000)
  object space 87552K, 6% used [0x0000000081800000,0x0000000081d77ee8,0x0000000086d80000)
 Metaspace       used 20526K, capacity 21200K, committed 21296K, reserved 1069056K
  class space    used 2469K, capacity 2649K, committed 2688K, reserved 1048576K
Event: 24.091 GC heap after
Heap after GC invocations=6 (full 1):
 PSYoungGen      total 138240K, used 0K [0x00000000d5d80000, 0x00000000e7480000, 0x0000000100000000)
  eden space 133120K, 0% used [0x00000000d5d80000,0x00000000d5d80000,0x00000000ddf80000)
  from space 5120K, 0% used [0x00000000ddf80000,0x00000000ddf80000,0x00000000de480000)
  to   space 9728K, 0% used [0x00000000e6b00000,0x00000000e6b00000,0x00000000e7480000)
 ParOldGen       total 50688K, used 6242K [0x0000000081800000, 0x0000000084980000, 0x00000000d5d80000)
  object space 50688K, 12% used [0x0000000081800000,0x0000000081e189c0,0x0000000084980000)
 Metaspace       used 20526K, capacity 21200K, committed 21296K, reserved 1069056K
  class space    used 2469K, capacity 2649K, committed 2688K, reserved 1048576K
}
Event: 37.324 GC heap before
{Heap before GC invocations=7 (full 1):
 PSYoungGen      total 138240K, used 133120K [0x00000000d5d80000, 0x00000000e7480000, 0x0000000100000000)
  eden space 133120K, 100% used [0x00000000d5d80000,0x00000000ddf80000,0x00000000ddf80000)
  from space 5120K, 0% used [0x00000000ddf80000,0x00000000ddf80000,0x00000000de480000)
  to   space 9728K, 0% used [0x00000000e6b00000,0x00000000e6b00000,0x00000000e7480000)
 ParOldGen       total 50688K, used 6242K [0x0000000081800000, 0x0000000084980000, 0x00000000d5d80000)
  object space 50688K, 12% used [0x0000000081800000,0x0000000081e189c0,0x0000000084980000)
 Metaspace       used 24129K, capacity 25212K, committed 25472K, reserved 1071104K
  class space    used 2935K, capacity 3182K, committed 3200K, reserved 1048576K
Event: 37.428 GC heap after
Heap after GC invocations=7 (full 1):
 PSYoungGen      total 236032K, used 6979K [0x00000000d5d80000, 0x00000000e7200000, 0x0000000100000000)
  eden space 228864K, 0% used [0x00000000d5d80000,0x00000000d5d80000,0x00000000e3d00000)
  from space 7168K, 97% used [0x00000000e6b00000,0x00000000e71d0f38,0x00000000e7200000)
  to   space 9728K, 0% used [0x00000000e5f00000,0x00000000e5f00000,0x00000000e6880000)
 ParOldGen       total 50688K, used 6242K [0x0000000081800000, 0x0000000084980000, 0x00000000d5d80000)
  object space 50688K, 12% used [0x0000000081800000,0x0000000081e189c0,0x0000000084980000)
 Metaspace       used 24129K, capacity 25212K, committed 25472K, reserved 1071104K
  class space    used 2935K, capacity 3182K, committed 3200K, reserved 1048576K
}
Event: 93.030 GC heap before
{Heap before GC invocations=8 (full 1):
 PSYoungGen      total 236032K, used 235843K [0x00000000d5d80000, 0x00000000e7200000, 0x0000000100000000)
  eden space 228864K, 100% used [0x00000000d5d80000,0x00000000e3d00000,0x00000000e3d00000)
  from space 7168K, 97% used [0x00000000e6b00000,0x00000000e71d0f38,0x00000000e7200000)
  to   space 9728K, 0% used [0x00000000e5f00000,0x00000000e5f00000,0x00000000e6880000)
 ParOldGen       total 50688K, used 6242K [0x0000000081800000, 0x0000000084980000, 0x00000000d5d80000)
  object space 50688K, 12% used [0x0000000081800000,0x0000000081e189c0,0x0000000084980000)
 Metaspace       used 32652K, capacity 34572K, committed 34688K, reserved 1079296K
  class space    used 4080K, capacity 4424K, committed 4480K, reserved 1048576K
Event: 93.231 GC heap after
Heap after GC invocations=8 (full 1):
 PSYoungGen      total 273408K, used 9720K [0x00000000d5d80000, 0x00000000eec00000, 0x0000000100000000)
  eden space 263680K, 0% used [0x00000000d5d80000,0x00000000d5d80000,0x00000000e5f00000)
  from space 9728K, 99% used [0x00000000e5f00000,0x00000000e687e190,0x00000000e6880000)
  to   space 13312K, 0% used [0x00000000edf00000,0x00000000edf00000,0x00000000eec00000)
 ParOldGen       total 50688K, used 10613K [0x0000000081800000, 0x0000000084980000, 0x00000000d5d80000)
  object space 50688K, 20% used [0x0000000081800000,0x000000008225d738,0x0000000084980000)
 Metaspace       used 32652K, capacity 34572K, committed 34688K, reserved 1079296K
  class space    used 4080K, capacity 4424K, committed 4480K, reserved 1048576K
}
Event: 93.629 GC heap before
{Heap before GC invocations=9 (full 1):
 PSYoungGen      total 273408K, used 25166K [0x00000000d5d80000, 0x00000000eec00000, 0x0000000100000000)
  eden space 263680K, 5% used [0x00000000d5d80000,0x00000000d6c95780,0x00000000e5f00000)
  from space 9728K, 99% used [0x00000000e5f00000,0x00000000e687e190,0x00000000e6880000)
  to   space 13312K, 0% used [0x00000000edf00000,0x00000000edf00000,0x00000000eec00000)
 ParOldGen       total 50688K, used 10613K [0x0000000081800000, 0x0000000084980000, 0x00000000d5d80000)
  object space 50688K, 20% used [0x0000000081800000,0x000000008225d738,0x0000000084980000)
 Metaspace       used 33374K, capacity 35276K, committed 35496K, reserved 1081344K
  class space    used 4134K, capacity 4488K, committed 4608K, reserved 1048576K
Event: 93.782 GC heap after
Heap after GC invocations=9 (full 1):
 PSYoungGen      total 394752K, used 8140K [0x00000000d5d80000, 0x00000000f5c00000, 0x0000000100000000)
  eden space 381440K, 0% used [0x00000000d5d80000,0x00000000d5d80000,0x00000000ed200000)
  from space 13312K, 61% used [0x00000000edf00000,0x00000000ee6f32f0,0x00000000eec00000)
  to   space 13312K, 0% used [0x00000000ed200000,0x00000000ed200000,0x00000000edf00000)
 ParOldGen       total 50688K, used 10621K [0x0000000081800000, 0x0000000084980000, 0x00000000d5d80000)
  object space 50688K, 20% used [0x0000000081800000,0x000000008225f738,0x0000000084980000)
 Metaspace       used 33374K, capacity 35276K, committed 35496K, reserved 1081344K
  class space    used 4134K, capacity 4488K, committed 4608K, reserved 1048576K
}
Event: 93.782 GC heap before
{Heap before GC invocations=10 (full 2):
 PSYoungGen      total 394752K, used 8140K [0x00000000d5d80000, 0x00000000f5c00000, 0x0000000100000000)
  eden space 381440K, 0% used [0x00000000d5d80000,0x00000000d5d80000,0x00000000ed200000)
  from space 13312K, 61% used [0x00000000edf00000,0x00000000ee6f32f0,0x00000000eec00000)
  to   space 13312K, 0% used [0x00000000ed200000,0x00000000ed200000,0x00000000edf00000)
 ParOldGen       total 50688K, used 10621K [0x0000000081800000, 0x0000000084980000, 0x00000000d5d80000)
  object space 50688K, 20% used [0x0000000081800000,0x000000008225f738,0x0000000084980000)
 Metaspace       used 33374K, capacity 35276K, committed 35496K, reserved 1081344K
  class space    used 4134K, capacity 4488K, committed 4608K, reserved 1048576K
Event: 94.082 GC heap after
Heap after GC invocations=10 (full 2):
 PSYoungGen      total 394752K, used 0K [0x00000000d5d80000, 0x00000000f5c00000, 0x0000000100000000)
  eden space 381440K, 0% used [0x00000000d5d80000,0x00000000d5d80000,0x00000000ed200000)
  from space 13312K, 0% used [0x00000000edf00000,0x00000000edf00000,0x00000000eec00000)
  to   space 13312K, 0% used [0x00000000ed200000,0x00000000ed200000,0x00000000edf00000)
 ParOldGen       total 60928K, used 11601K [0x0000000081800000, 0x0000000085380000, 0x00000000d5d80000)
  object space 60928K, 19% used [0x0000000081800000,0x0000000082354728,0x0000000085380000)
 Metaspace       used 33374K, capacity 35276K, committed 35496K, reserved 1081344K
  class space    used 4134K, capacity 4488K, committed 4608K, reserved 1048576K
}

